{
"contracts/0-Hello.sol":{"l":{},"path":"/Users/philliplee/Documents/Dev/Crypto/Ethereum/Ethernauth_MrToph/ethernaut/contracts/0-Hello.sol","s":{},"b":{},"f":{"1":0},"fnMap":{"1":{"name":"info","line":4,"loc":{"start":{"line":4,"column":2},"end":{"line":6,"column":2}}}},"statementMap":{},"branchMap":{}},
"contracts/1-Fallback.sol":{"l":{"13":0,"14":0,"18":0,"22":0,"27":0,"28":0,"29":0,"30":0,"35":0,"40":0,"45":0,"46":0},"path":"/Users/philliplee/Documents/Dev/Crypto/Ethereum/Ethernauth_MrToph/ethernaut/contracts/1-Fallback.sol","s":{"1":0,"2":0,"3":0,"4":0,"5":0,"6":0},"b":{"1":[0,0],"2":[0,0],"3":[0,0],"4":[0,0],"5":[0,0]},"f":{"1":0,"2":0,"3":0,"4":0,"5":0,"6":0},"fnMap":{"1":{"name":"constructor","line":12,"loc":{"start":{"line":12,"column":2},"end":{"line":15,"column":2}}},"2":{"name":"onlyOwner","line":17,"loc":{"start":{"line":17,"column":2},"end":{"line":23,"column":4}}},"3":{"name":"contribute","line":26,"loc":{"start":{"line":26,"column":2},"end":{"line":32,"column":2}}},"4":{"name":"getContribution","line":34,"loc":{"start":{"line":34,"column":2},"end":{"line":36,"column":2}}},"5":{"name":"withdraw","line":39,"loc":{"start":{"line":39,"column":2},"end":{"line":41,"column":2}}},"6":{"name":null,"line":44,"loc":{"start":{"line":44,"column":2},"end":{"line":47,"column":2}}}},"statementMap":{"1":{"start":{"line":18,"column":8},"end":{"line":18,"column":395}},"2":{"start":{"line":27,"column":4},"end":{"line":27,"column":35}},"3":{"start":{"line":29,"column":4},"end":{"line":29,"column":689}},"4":{"start":{"line":35,"column":4},"end":{"line":35,"column":36}},"5":{"start":{"line":40,"column":4},"end":{"line":40,"column":40}},"6":{"start":{"line":45,"column":4},"end":{"line":45,"column":58}}},"branchMap":{"1":{"line":18,"type":"if","locations":[{"start":{"line":18,"column":8},"end":{"line":18,"column":8}},{"start":{"line":18,"column":8},"end":{"line":18,"column":8}}]},"2":{"line":27,"type":"if","locations":[{"start":{"line":27,"column":4},"end":{"line":27,"column":4}},{"start":{"line":27,"column":4},"end":{"line":27,"column":4}}]},"3":{"line":29,"type":"if","locations":[{"start":{"line":29,"column":4},"end":{"line":29,"column":4}},{"start":{"line":29,"column":4},"end":{"line":29,"column":4}}]},"4":{"line":39,"type":"if","locations":[{"start":{"line":39,"column":29},"end":{"line":39,"column":29}},{"start":{"line":39,"column":29},"end":{"line":39,"column":29}}]},"5":{"line":45,"type":"if","locations":[{"start":{"line":45,"column":4},"end":{"line":45,"column":4}},{"start":{"line":45,"column":4},"end":{"line":45,"column":4}}]}}},
"contracts/3-CoinFlip.sol":{"l":{"14":0,"18":0,"21":0,"22":0,"25":0,"26":0,"27":0,"29":0,"30":0,"31":0,"33":0,"34":0},"path":"/Users/philliplee/Documents/Dev/Crypto/Ethereum/Ethernauth_MrToph/ethernaut/contracts/3-CoinFlip.sol","s":{"1":0,"2":0,"3":0,"4":0,"5":0,"6":0,"7":0,"8":0},"b":{"1":[0,0],"2":[0,0],"3":[0,0]},"f":{"1":0,"2":0},"fnMap":{"1":{"name":"constructor","line":13,"loc":{"start":{"line":13,"column":2},"end":{"line":15,"column":2}}},"2":{"name":"flip","line":17,"loc":{"start":{"line":17,"column":2},"end":{"line":36,"column":2}}}},"statementMap":{"1":{"start":{"line":18,"column":4},"end":{"line":18,"column":64}},"2":{"start":{"line":21,"column":4},"end":{"line":21,"column":521}},"3":{"start":{"line":22,"column":6},"end":{"line":22,"column":13}},"4":{"start":{"line":26,"column":4},"end":{"line":26,"column":45}},"5":{"start":{"line":27,"column":4},"end":{"line":27,"column":44}},"6":{"start":{"line":29,"column":4},"end":{"line":29,"column":699}},"7":{"start":{"line":31,"column":6},"end":{"line":31,"column":17}},"8":{"start":{"line":34,"column":6},"end":{"line":34,"column":18}}},"branchMap":{"1":{"line":21,"type":"if","locations":[{"start":{"line":21,"column":4},"end":{"line":21,"column":4}},{"start":{"line":21,"column":4},"end":{"line":21,"column":4}}]},"2":{"line":27,"type":"if","locations":[{"start":{"line":27,"column":32},"end":{"line":27,"column":35}},{"start":{"line":27,"column":39},"end":{"line":27,"column":43}}]},"3":{"line":29,"type":"if","locations":[{"start":{"line":29,"column":4},"end":{"line":29,"column":4}},{"start":{"line":29,"column":4},"end":{"line":29,"column":4}}]}}},
"contracts/SafeMathv0.6.0.sol":{"l":{"29":0,"30":0,"32":0,"45":0,"58":0,"59":0,"61":0,"77":0,"78":0,"81":0,"82":0,"84":0,"99":0,"115":0,"116":0,"119":0,"134":0,"149":0,"150":0},"path":"/Users/philliplee/Documents/Dev/Crypto/Ethereum/Ethernauth_MrToph/ethernaut/contracts/SafeMathv0.6.0.sol","s":{"1":0,"2":0,"3":0,"4":0,"5":0,"6":0,"7":0,"8":0,"9":0,"10":0,"11":0,"12":0,"13":0,"14":0,"15":0,"16":0,"17":0,"18":0,"19":0},"b":{"1":[0,0],"2":[0,0],"3":[0,0],"4":[0,0],"5":[0,0],"6":[0,0]},"f":{"1":0,"2":0,"3":0,"4":0,"5":0,"6":0,"7":0,"8":0},"fnMap":{"1":{"name":"add","line":28,"loc":{"start":{"line":28,"column":4},"end":{"line":33,"column":4}}},"2":{"name":"sub","line":44,"loc":{"start":{"line":44,"column":4},"end":{"line":46,"column":4}}},"3":{"name":"sub","line":57,"loc":{"start":{"line":57,"column":4},"end":{"line":62,"column":4}}},"4":{"name":"mul","line":73,"loc":{"start":{"line":73,"column":4},"end":{"line":85,"column":4}}},"5":{"name":"div","line":98,"loc":{"start":{"line":98,"column":4},"end":{"line":100,"column":4}}},"6":{"name":"div","line":113,"loc":{"start":{"line":113,"column":4},"end":{"line":120,"column":4}}},"7":{"name":"mod","line":133,"loc":{"start":{"line":133,"column":4},"end":{"line":135,"column":4}}},"8":{"name":"mod","line":148,"loc":{"start":{"line":148,"column":4},"end":{"line":151,"column":4}}}},"statementMap":{"1":{"start":{"line":29,"column":8},"end":{"line":29,"column":25}},"2":{"start":{"line":30,"column":8},"end":{"line":30,"column":53}},"3":{"start":{"line":32,"column":8},"end":{"line":32,"column":16}},"4":{"start":{"line":45,"column":8},"end":{"line":45,"column":58}},"5":{"start":{"line":58,"column":8},"end":{"line":58,"column":36}},"6":{"start":{"line":59,"column":8},"end":{"line":59,"column":25}},"7":{"start":{"line":61,"column":8},"end":{"line":61,"column":16}},"8":{"start":{"line":77,"column":8},"end":{"line":77,"column":2456}},"9":{"start":{"line":78,"column":12},"end":{"line":78,"column":20}},"10":{"start":{"line":81,"column":8},"end":{"line":81,"column":25}},"11":{"start":{"line":82,"column":8},"end":{"line":82,"column":63}},"12":{"start":{"line":84,"column":8},"end":{"line":84,"column":16}},"13":{"start":{"line":99,"column":8},"end":{"line":99,"column":54}},"14":{"start":{"line":115,"column":8},"end":{"line":115,"column":35}},"15":{"start":{"line":116,"column":8},"end":{"line":116,"column":25}},"16":{"start":{"line":119,"column":8},"end":{"line":119,"column":16}},"17":{"start":{"line":134,"column":8},"end":{"line":134,"column":52}},"18":{"start":{"line":149,"column":8},"end":{"line":149,"column":36}},"19":{"start":{"line":150,"column":8},"end":{"line":150,"column":20}}},"branchMap":{"1":{"line":30,"type":"if","locations":[{"start":{"line":30,"column":8},"end":{"line":30,"column":8}},{"start":{"line":30,"column":8},"end":{"line":30,"column":8}}]},"2":{"line":58,"type":"if","locations":[{"start":{"line":58,"column":8},"end":{"line":58,"column":8}},{"start":{"line":58,"column":8},"end":{"line":58,"column":8}}]},"3":{"line":77,"type":"if","locations":[{"start":{"line":77,"column":8},"end":{"line":77,"column":8}},{"start":{"line":77,"column":8},"end":{"line":77,"column":8}}]},"4":{"line":82,"type":"if","locations":[{"start":{"line":82,"column":8},"end":{"line":82,"column":8}},{"start":{"line":82,"column":8},"end":{"line":82,"column":8}}]},"5":{"line":115,"type":"if","locations":[{"start":{"line":115,"column":8},"end":{"line":115,"column":8}},{"start":{"line":115,"column":8},"end":{"line":115,"column":8}}]},"6":{"line":149,"type":"if","locations":[{"start":{"line":149,"column":8},"end":{"line":149,"column":8}},{"start":{"line":149,"column":8},"end":{"line":149,"column":8}}]}}}}
