TN:
SF:/Users/philliplee/Documents/Dev/Crypto/Ethereum/Ethernauth_MrToph/ethernaut/contracts/0-Hello.sol
FN:4,info
FNF:1
FNH:0
FNDA:0,info
LF:0
LH:0
BRF:0
BRH:0
end_of_record
TN:
SF:/Users/philliplee/Documents/Dev/Crypto/Ethereum/Ethernauth_MrToph/ethernaut/contracts/1-Fallback.sol
FN:12,constructor
FN:17,onlyOwner
FN:26,contribute
FN:34,getContribution
FN:39,withdraw
FN:44,
FNF:6
FNH:0
FNDA:0,constructor
FNDA:0,onlyOwner
FNDA:0,contribute
FNDA:0,getContribution
FNDA:0,withdraw
FNDA:0,
DA:13,0
DA:14,0
DA:18,0
DA:22,0
DA:27,0
DA:28,0
DA:29,0
DA:30,0
DA:35,0
DA:40,0
DA:45,0
DA:46,0
LF:12
LH:0
BRDA:18,1,0,0
BRDA:18,1,1,0
BRDA:27,2,0,0
BRDA:27,2,1,0
BRDA:29,3,0,0
BRDA:29,3,1,0
BRDA:39,4,0,0
BRDA:39,4,1,0
BRDA:45,5,0,0
BRDA:45,5,1,0
BRF:10
BRH:0
end_of_record
TN:
SF:/Users/philliplee/Documents/Dev/Crypto/Ethereum/Ethernauth_MrToph/ethernaut/contracts/3-CoinFlip.sol
FN:13,constructor
FN:17,flip
FNF:2
FNH:0
FNDA:0,constructor
FNDA:0,flip
DA:14,0
DA:18,0
DA:21,0
DA:22,0
DA:25,0
DA:26,0
DA:27,0
DA:29,0
DA:30,0
DA:31,0
DA:33,0
DA:34,0
LF:12
LH:0
BRDA:21,1,0,0
BRDA:21,1,1,0
BRDA:27,2,0,0
BRDA:27,2,1,0
BRDA:29,3,0,0
BRDA:29,3,1,0
BRF:6
BRH:0
end_of_record
TN:
SF:/Users/philliplee/Documents/Dev/Crypto/Ethereum/Ethernauth_MrToph/ethernaut/contracts/SafeMathv0.6.0.sol
FN:28,add
FN:44,sub
FN:57,sub
FN:73,mul
FN:98,div
FN:113,div
FN:133,mod
FN:148,mod
FNF:8
FNH:0
FNDA:0,add
FNDA:0,sub
FNDA:0,sub
FNDA:0,mul
FNDA:0,div
FNDA:0,div
FNDA:0,mod
FNDA:0,mod
DA:29,0
DA:30,0
DA:32,0
DA:45,0
DA:58,0
DA:59,0
DA:61,0
DA:77,0
DA:78,0
DA:81,0
DA:82,0
DA:84,0
DA:99,0
DA:115,0
DA:116,0
DA:119,0
DA:134,0
DA:149,0
DA:150,0
LF:19
LH:0
BRDA:30,1,0,0
BRDA:30,1,1,0
BRDA:58,2,0,0
BRDA:58,2,1,0
BRDA:77,3,0,0
BRDA:77,3,1,0
BRDA:82,4,0,0
BRDA:82,4,1,0
BRDA:115,5,0,0
BRDA:115,5,1,0
BRDA:149,6,0,0
BRDA:149,6,1,0
BRF:12
BRH:0
end_of_record
